[2026-03-30 22:54] Iniciando atualização...
[2026-03-30 22:54] Iniciando exportação ARKEN...
  Planilha: /Users/james/Desktop/ARKEN CONSULTORIA/Financeiro/ARKEN_Financeiro_2026.xlsx
  ✅ Aberta — 19 abas
  ✅ data.json gerado (5.6 KB)
  📊 12 meses | 0 lançamentos | 7 recebíveis | 3 projetos
  💰 Caixa: R$ 48,956.11 | Runway: 10.7 meses
remote: Invalid username or token. Password authentication is not supported for Git operations.
fatal: Authentication failed for 'https://github.com/jamensonjr/arken-dashboard.git/'
[2026-03-30 22:55] Iniciando atualização...
[2026-03-30 22:55] Iniciando exportação ARKEN...
  Planilha: /Users/james/Desktop/ARKEN CONSULTORIA/Financeiro/ARKEN_Financeiro_2026.xlsx
  ✅ Aberta — 19 abas
  ✅ data.json gerado (5.6 KB)
  📊 12 meses | 0 lançamentos | 7 recebíveis | 3 projetos
  💰 Caixa: R$ 48,956.11 | Runway: 10.7 meses
remote: Invalid username or token. Password authentication is not supported for Git operations.
fatal: Authentication failed for 'https://github.com/jamensonjr/arken-dashboard.git/'
[2026-03-30 22:55] Iniciando atualização...
[2026-03-30 22:55] Iniciando exportação ARKEN...
  Planilha: /Users/james/Desktop/ARKEN CONSULTORIA/Financeiro/ARKEN_Financeiro_2026.xlsx
  ✅ Aberta — 19 abas
  ✅ data.json gerado (5.6 KB)
  📊 12 meses | 0 lançamentos | 7 recebíveis | 3 projetos
  💰 Caixa: R$ 48,956.11 | Runway: 10.7 meses
[2026-03-30 22:55] Sem alterações nos dados — push ignorado.
---
[2026-03-30 22:58] Iniciando atualização...
[2026-03-30 22:58] Iniciando exportação ARKEN...
  Planilha: /Users/james/Desktop/ARKEN CONSULTORIA/Financeiro/ARKEN_Financeiro_2026.xlsx
  ✅ Aberta — 19 abas
  ✅ data.json gerado (5.6 KB)
  📊 12 meses | 0 lançamentos | 7 recebíveis | 3 projetos
  💰 Caixa: R$ 48,956.11 | Runway: 10.7 meses
remote: invalid credentials
fatal: Authentication failed for 'https://github.com/jamensonjr/arken-dashboard.git/'
[2026-03-30 22:59] Iniciando atualização...
[2026-03-30 22:59] Iniciando exportação ARKEN...
  Planilha: /Users/james/Desktop/ARKEN CONSULTORIA/Financeiro/ARKEN_Financeiro_2026.xlsx
  ✅ Aberta — 19 abas
  ✅ data.json gerado (5.6 KB)
  📊 12 meses | 0 lançamentos | 7 recebíveis | 3 projetos
  💰 Caixa: R$ 48,956.11 | Runway: 10.7 meses
To https://github.com/jamensonjr/arken-dashboard.git
   dfaca90..ec28e40  main -> main
[2026-03-30 22:59] ✅ Dashboard atualizado no GitHub Pages.
---
[2026-03-30 23:02] Iniciando atualização...
[2026-03-30 23:02] Iniciando exportação ARKEN...
  Planilha: /Users/james/Desktop/ARKEN CONSULTORIA/Financeiro/ARKEN_Financeiro_2026.xlsx
  ✅ Aberta — 19 abas
  ✅ data.json gerado (5.6 KB)
  📊 12 meses | 0 lançamentos | 7 recebíveis | 3 projetos
  💰 Caixa: R$ 48,956.11 | Runway: 10.7 meses
remote: Invalid username or token. Password authentication is not supported for Git operations.
fatal: Authentication failed for 'https://github.com/jamensonjr/arken-dashboard.git/'
[2026-03-30 23:04] Iniciando atualização...
[2026-03-30 23:04] Iniciando exportação ARKEN...
  Planilha: /Users/james/Desktop/ARKEN CONSULTORIA/Financeiro/ARKEN_Financeiro_2026.xlsx
  ✅ Aberta — 19 abas
  ✅ data.json gerado (5.6 KB)
  📊 12 meses | 0 lançamentos | 7 recebíveis | 3 projetos
  💰 Caixa: R$ 48,956.11 | Runway: 10.7 meses
remote: Invalid username or token. Password authentication is not supported for Git operations.
fatal: Authentication failed for 'https://github.com/jamensonjr/arken-dashboard.git/'
[2026-03-30 23:10] Iniciando atualização...
[2026-03-30 23:10] Iniciando exportação ARKEN...
  Planilha: /Users/james/Desktop/ARKEN CONSULTORIA/Financeiro/ARKEN_Financeiro_2026.xlsx
  ✅ Aberta — 19 abas
  ✅ data.json gerado (5.6 KB)
  📊 12 meses | 0 lançamentos | 7 recebíveis | 3 projetos
  💰 Caixa: R$ 48,956.11 | Runway: 10.7 meses
To https://github.com/jamensonjr/arken-dashboard.git
   ec28e40..0e7e14e  main -> main
[2026-03-30 23:11] ✅ Dashboard atualizado no GitHub Pages.
---
[2026-03-30 23:15] Iniciando atualização...
[2026-03-30 23:15] Iniciando exportação ARKEN...
  Planilha: /Users/james/Desktop/ARKEN CONSULTORIA/Financeiro/ARKEN_Financeiro_2026.xlsx
  ✅ Aberta — 19 abas
  ✅ data.json gerado (5.6 KB)
  📊 12 meses | 0 lançamentos | 7 recebíveis | 3 projetos
  💰 Caixa: R$ 48,956.11 | Runway: 10.7 meses
To https://github.com/jamensonjr/arken-dashboard.git
   9d0eb46..2822799  main -> main
[2026-03-30 23:15] ✅ Dashboard atualizado no GitHub Pages.
---
[2026-03-30 23:20] Iniciando atualização...
[2026-03-30 23:20] Iniciando exportação ARKEN...
  Planilha: /Users/james/Desktop/ARKEN CONSULTORIA/Financeiro/ARKEN_Financeiro_2026.xlsx
  ✅ Aberta — 19 abas
  ✅ data.json gerado (5.6 KB)
  📊 12 meses | 0 lançamentos | 7 recebíveis | 3 projetos
  💰 Caixa: R$ 48,956.11 | Runway: 10.7 meses
To https://github.com/jamensonjr/arken-dashboard.git
   2822799..d091057  main -> main
[2026-03-30 23:20] ✅ Dashboard atualizado no GitHub Pages.
---
